<?xml version="1.0" encoding="UTF-8"?>
<!-- Generated by org.testng.reporters.JUnitXMLReporter -->
<testsuite ignored="0" hostname="Sachet" failures="0" tests="2" name="Default test" time="13.398" errors="0" timestamp="2024-12-15T15:32:02 IST">
  <testcase classname="pageTests.LandingPageTest" name="Verify_login_with_valid_credentials" time="0.58"/>
  <testcase classname="pageTests.LandingPageTest" name="verify_error_message_invalid_credentials" time="1.053"/>
</testsuite> <!-- Default test -->
