<?xml version="1.0" encoding="UTF-8"?>
<!-- Generated by org.testng.reporters.JUnitXMLReporter -->
<testsuite ignored="0" hostname="Sachet" failures="1" tests="2" name="Test" time="13.675" errors="0" timestamp="2024-12-15T15:47:19 IST">
  <testcase classname="pageTests.LandingPageTest" name="Verify_login_with_valid_credentials" time="0.611"/>
  <testcase classname="pageTests.LandingPageTest" name="verify_error_message_invalid_credentials" time="0.543">
    <failure type="java.lang.AssertionError" message="expected [Incorrect email or password.] but found [Incorrect email orpassword.]">
      <![CDATA[java.lang.AssertionError: expected [Incorrect email or password.] but found [Incorrect email orpassword.]
at pageTests.LandingPageTest.verify_error_message_invalid_credentials(LandingPageTest.java:45)
at java.base/java.util.ArrayList.forEach(ArrayList.java:1597)
... Removed 31 stack frames]]>
    </failure>
  </testcase> <!-- verify_error_message_invalid_credentials -->
</testsuite> <!-- Test -->
